This is pdfTeX, Version 3.141592653-2.6-1.40.25 (TeX Live 2023) (preloaded format=pdflatex 2024.1.28)  29 JAN 2024 21:35
entering extended mode
 restricted \write18 enabled.
 file:line:error style messages enabled.
 %&-line parsing enabled.
**"/Users/troybates/Documents/Grad School/ENPM818I/LatexInputs_20240129/ExampleArtifactFolders/3b -SUM/KNEAD_SUM"
(/Users/troybates/Documents/Grad School/ENPM818I/LatexInputs_20240129/ExampleArtifactFolders/3b -SUM/KNEAD_SUM.tex
LaTeX2e <2022-11-01> patch level 1
L3 programming layer <2023-02-22>

! LaTeX Error: File `KNEADdocument.cls' not found.

Type X to quit or <RETURN> to proceed,
or enter new name. (Default extension: cls)

Enter file name: 
/Users/troybates/Documents/Grad School/ENPM818I/LatexInputs_20240129/ExampleArtifactFolders/3b -SUM/KNEAD_SUM.tex:2: Emergency stop.
<read *> 
         
l.2 ^^M
       
*** (cannot \read from terminal in nonstop modes)

 
Here is how much of TeX's memory you used:
 24 strings out of 476025
 808 string characters out of 5790017
 1849388 words of memory out of 5000000
 20574 multiletter control sequences out of 15000+600000
 512287 words of font info for 32 fonts, out of 8000000 for 9000
 1141 hyphenation exceptions out of 8191
 19i,0n,29p,236b,17s stack positions out of 10000i,1000n,20000p,200000b,200000s
/Users/troybates/Documents/Grad School/ENPM818I/LatexInputs_20240129/ExampleArtifactFolders/3b -SUM/KNEAD_SUM.tex:2:  ==> Fatal error occurred, no output PDF file produced!
