This is pdfTeX, Version 3.141592653-2.6-1.40.25 (TeX Live 2023) (preloaded format=latex 2024.1.28)  10 FEB 2024 19:15
entering extended mode
 restricted \write18 enabled.
 %&-line parsing enabled.
**KNEADdocument.cls
(./KNEADdocument.cls
LaTeX2e <2022-11-01> patch level 1
L3 programming layer <2023-02-22>

LaTeX Warning: You have requested package `',
               but the package provides `KNEADdocument'.

Package: KNEADdocument 2021/12/05:: version 1.00:: KNEAD Document format

! LaTeX Error: Missing \begin{document}.

See the LaTeX manual or LaTeX Companion for explanation.
Type  H <return>  for immediate help.
 ...                                              
                                                  
l.213 \newif\if@
                wantchapterref \@wantchapterreffalse
? X
 
Here is how much of TeX's memory you used:
 25 strings out of 476026
 625 string characters out of 5790043
 1849385 words of memory out of 5000000
 20576 multiletter control sequences out of 15000+600000
 512287 words of font info for 32 fonts, out of 8000000 for 9000
 1141 hyphenation exceptions out of 8191
 13i,0n,12p,172b,14s stack positions out of 10000i,1000n,20000p,200000b,200000s
No pages of output.
