\BOOKMARK [0][-]{chapter*.2}{\376\377\000D\000O\000C\000U\000M\000E\000N\000T\000\040\000C\000H\000A\000N\000G\000E\000\040\000H\000I\000S\000T\000O\000R\000Y}{}% 1
\BOOKMARK [0][-]{chapter*.4}{\376\377\000T\000A\000B\000L\000E\000\040\000O\000F\000\040\000C\000O\000N\000T\000E\000N\000T\000S}{}% 2
\BOOKMARK [0][-]{chapter*.5}{\376\377\000L\000I\000S\000T\000\040\000O\000F\000\040\000T\000A\000B\000L\000E\000S}{}% 3
\BOOKMARK [0][-]{chapter*.6}{\376\377\000L\000I\000S\000T\000\040\000O\000F\000\040\000F\000I\000G\000U\000R\000E\000S}{}% 4
\BOOKMARK [0][-]{chapter.1}{\376\377\000S\000c\000o\000p\000e}{}% 5
\BOOKMARK [1][-]{section.1.1}{\376\377\000I\000d\000e\000n\000t\000i\000f\000i\000c\000a\000t\000i\000o\000n}{chapter.1}% 6
\BOOKMARK [1][-]{section.1.2}{\376\377\000S\000y\000s\000t\000e\000m\000\040\000O\000v\000e\000r\000v\000i\000e\000w}{chapter.1}% 7
\BOOKMARK [1][-]{section.1.3}{\376\377\000D\000o\000c\000u\000m\000e\000n\000t\000\040\000O\000v\000e\000r\000v\000i\000e\000w}{chapter.1}% 8
\BOOKMARK [2][-]{subsection.1.3.1}{\376\377\000D\000o\000c\000u\000m\000e\000n\000t\000\040\000S\000e\000c\000t\000i\000o\000n\000s}{section.1.3}% 9
\BOOKMARK [2][-]{subsection.1.3.2}{\376\377\000S\000p\000e\000c\000i\000f\000i\000c\000a\000t\000i\000o\000n\000\040\000F\000o\000r\000m\000a\000t\000t\000i\000n\000g}{section.1.3}% 10
\BOOKMARK [2][-]{subsection.1.3.3}{\376\377\000H\000o\000w\000\040\000T\000o\000\040\000R\000e\000a\000d\000\040\000S\000p\000e\000c\000i\000f\000i\000c\000a\000t\000i\000o\000n\000s}{section.1.3}% 11
\BOOKMARK [2][-]{subsection.1.3.4}{\376\377\000S\000p\000e\000c\000i\000f\000i\000c\000a\000t\000i\000o\000n\000\040\000T\000r\000a\000c\000e\000a\000b\000i\000l\000i\000t\000y}{section.1.3}% 12
\BOOKMARK [2][-]{subsection.1.3.5}{\376\377\000D\000o\000c\000u\000m\000e\000n\000t\000\040\000P\000r\000o\000d\000u\000c\000t\000i\000o\000n}{section.1.3}% 13
\BOOKMARK [0][-]{chapter.2}{\376\377\000R\000e\000f\000e\000r\000e\000n\000c\000e\000s}{}% 14
\BOOKMARK [1][-]{section.2.1}{\376\377\000A\000c\000r\000o\000n\000y\000m\000s\000\040\000a\000n\000d\000\040\000A\000b\000b\000r\000e\000v\000i\000a\000t\000i\000o\000n\000s}{chapter.2}% 15
\BOOKMARK [1][-]{section.2.2}{\376\377\000G\000l\000o\000s\000s\000a\000r\000y\000\040\000a\000n\000d\000\040\000D\000e\000f\000i\000n\000i\000t\000i\000o\000n\000s}{chapter.2}% 16
\BOOKMARK [1][-]{section.2.3}{\376\377\000R\000e\000f\000e\000r\000e\000n\000c\000e\000d\000\040\000D\000o\000c\000u\000m\000e\000n\000t\000s}{chapter.2}% 17
\BOOKMARK [2][-]{subsection.2.3.1}{\376\377\000E\000x\000t\000e\000r\000n\000a\000l\000\040\000D\000o\000c\000u\000m\000e\000n\000t\000s}{section.2.3}% 18
\BOOKMARK [2][-]{subsection.2.3.2}{\376\377\000P\000r\000o\000j\000e\000c\000t\000\040\000S\000p\000e\000c\000i\000f\000i\000c\000\040\000D\000o\000c\000u\000m\000e\000n\000t\000s}{section.2.3}% 19
\BOOKMARK [0][-]{chapter.3}{\376\377\000R\000e\000q\000u\000i\000r\000e\000m\000e\000n\000t\000s}{}% 20
\BOOKMARK [1][-]{section.3.1}{\376\377\000S\000t\000a\000t\000e\000s\000\040\000a\000n\000d\000\040\000M\000o\000d\000e\000s}{chapter.3}% 21
\BOOKMARK [2][-]{subsection.3.1.1}{\376\377\000B\000D\000P\000-\000L\000i\000g\000h\000t}{section.3.1}% 22
\BOOKMARK [3][-]{subsubsection.3.1.1.1}{\376\377\000S\000t\000a\000t\000e\000s}{subsection.3.1.1}% 23
\BOOKMARK [3][-]{subsubsection.3.1.1.2}{\376\377\000M\000o\000d\000e\000s}{subsection.3.1.1}% 24
\BOOKMARK [3][-]{subsubsection.3.1.1.3}{\376\377\000S\000u\000b\000-\000M\000o\000d\000e\000s}{subsection.3.1.1}% 25
\BOOKMARK [2][-]{subsection.3.1.2}{\376\377\000B\000D\000P\000-\000M\000e\000d\000i\000u\000m}{section.3.1}% 26
\BOOKMARK [3][-]{subsubsection.3.1.2.1}{\376\377\000S\000t\000a\000t\000e\000s}{subsection.3.1.2}% 27
\BOOKMARK [3][-]{subsubsection.3.1.2.2}{\376\377\000S\000u\000b\000-\000S\000t\000a\000t\000e\000s}{subsection.3.1.2}% 28
\BOOKMARK [3][-]{subsubsection.3.1.2.3}{\376\377\000M\000o\000d\000e\000s}{subsection.3.1.2}% 29
\BOOKMARK [3][-]{subsubsection.3.1.2.4}{\376\377\000S\000u\000b\000-\000M\000o\000d\000e\000s}{subsection.3.1.2}% 30
\BOOKMARK [2][-]{subsection.3.1.3}{\376\377\000B\000D\000P\000-\000H\000e\000a\000v\000y}{section.3.1}% 31
\BOOKMARK [3][-]{subsubsection.3.1.3.1}{\376\377\000S\000t\000a\000t\000e\000s}{subsection.3.1.3}% 32
\BOOKMARK [3][-]{subsubsection.3.1.3.2}{\376\377\000S\000u\000b\000-\000S\000t\000a\000t\000e\000s}{subsection.3.1.3}% 33
\BOOKMARK [3][-]{subsubsection.3.1.3.3}{\376\377\000M\000o\000d\000e\000s}{subsection.3.1.3}% 34
\BOOKMARK [3][-]{subsubsection.3.1.3.4}{\376\377\000S\000u\000b\000-\000M\000o\000d\000e\000s}{subsection.3.1.3}% 35
\BOOKMARK [1][-]{section.3.2}{\376\377\000E\000x\000t\000e\000r\000n\000a\000l\000\040\000I\000n\000t\000e\000r\000f\000a\000c\000e\000s}{chapter.3}% 36
\BOOKMARK [2][-]{subsection.3.2.1}{\376\377\000O\000p\000e\000r\000a\000t\000o\000r\000\040\000I\000n\000t\000e\000r\000f\000a\000c\000e\000s}{section.3.2}% 37
\BOOKMARK [3][-]{subsubsection.3.2.1.1}{\376\377\000G\000r\000a\000p\000h\000i\000c\000a\000l\000\040\000U\000s\000e\000r\000\040\000I\000n\000t\000e\000r\000f\000a\000c\000e}{subsection.3.2.1}% 38
\BOOKMARK [3][-]{subsubsection.3.2.1.2}{\376\377\000C\000o\000m\000m\000a\000n\000d\000\040\000L\000i\000n\000e}{subsection.3.2.1}% 39
\BOOKMARK [2][-]{subsection.3.2.2}{\376\377\000N\000e\000t\000w\000o\000r\000k\000\040\000I\000n\000t\000e\000r\000f\000a\000c\000e\000s}{section.3.2}% 40
\BOOKMARK [2][-]{subsection.3.2.3}{\376\377\000M\000e\000d\000i\000a}{section.3.2}% 41
\BOOKMARK [2][-]{subsection.3.2.4}{\376\377\000R\000e\000b\000r\000o\000a\000d\000c\000a\000s\000t\000\040\000R\000e\000c\000e\000i\000v\000e}{section.3.2}% 42
\BOOKMARK [2][-]{subsection.3.2.5}{\376\377\000I\000n\000t\000e\000r\000f\000e\000r\000e\000n\000c\000e}{section.3.2}% 43
\BOOKMARK [3][-]{subsubsection.3.2.5.1}{\376\377\000A\000M\000\040\000I\000n\000t\000e\000r\000f\000e\000r\000e\000n\000c\000e}{subsection.3.2.5}% 44
\BOOKMARK [3][-]{subsubsection.3.2.5.2}{\376\377\000S\000W\000\040\000I\000n\000t\000e\000r\000f\000e\000r\000e\000n\000c\000e}{subsection.3.2.5}% 45
\BOOKMARK [3][-]{subsubsection.3.2.5.3}{\376\377\000F\000M\000\040\000I\000n\000t\000e\000r\000f\000e\000r\000e\000n\000c\000e}{subsection.3.2.5}% 46
\BOOKMARK [3][-]{subsubsection.3.2.5.4}{\376\377\000V\000H\000F\000\040\000I\000n\000t\000e\000r\000f\000e\000r\000e\000n\000c\000e}{subsection.3.2.5}% 47
\BOOKMARK [3][-]{subsubsection.3.2.5.5}{\376\377\000U\000H\000F\000\040\000I\000n\000t\000e\000r\000f\000e\000r\000e\000n\000c\000e}{subsection.3.2.5}% 48
\BOOKMARK [2][-]{subsection.3.2.6}{\376\377\000T\000a\000r\000g\000e\000t\000\040\000A\000u\000d\000i\000e\000n\000c\000e}{section.3.2}% 49
\BOOKMARK [3][-]{subsubsection.3.2.6.1}{\376\377\000O\000m\000n\000i\000d\000i\000r\000e\000c\000t\000i\000o\000n\000a\000l\000\040\000A\000n\000t\000e\000n\000n\000a}{subsection.3.2.6}% 50
\BOOKMARK [3][-]{subsubsection.3.2.6.2}{\376\377\000D\000i\000r\000e\000c\000t\000i\000o\000n\000a\000l\000\040\000A\000n\000t\000e\000n\000n\000a}{subsection.3.2.6}% 51
\BOOKMARK [1][-]{section.3.3}{\376\377\000C\000a\000p\000a\000b\000i\000l\000i\000t\000i\000e\000s}{chapter.3}% 52
\BOOKMARK [2][-]{subsection.3.3.1}{\376\377\000C\000o\000n\000t\000r\000o\000l\000\040\000P\000r\000o\000c\000e\000s\000s\000i\000n\000g}{section.3.3}% 53
\BOOKMARK [3][-]{subsubsection.3.3.1.1}{\376\377\000O\000p\000e\000r\000a\000t\000o\000r}{subsection.3.3.1}% 54
\BOOKMARK [2][-]{subsection.3.3.2}{\376\377\000M\000e\000d\000i\000a\000\040\000P\000r\000o\000c\000e\000s\000s\000i\000n\000g}{section.3.3}% 55
\BOOKMARK [3][-]{subsubsection.3.3.2.1}{\376\377\000M\000e\000d\000i\000a\000\040\000I\000n\000p\000u\000t\000\040\000P\000r\000o\000c\000e\000s\000s\000i\000n\000g}{subsection.3.3.2}% 56
\BOOKMARK [3][-]{subsubsection.3.3.2.2}{\376\377\000M\000e\000d\000i\000a\000\040\000O\000u\000t\000p\000u\000t\000\040\000P\000r\000o\000c\000e\000s\000s\000i\000n\000g}{subsection.3.3.2}% 57
\BOOKMARK [3][-]{subsubsection.3.3.2.3}{\376\377\000R\000e\000p\000o\000r\000t\000\040\000P\000r\000o\000c\000e\000s\000s\000i\000n\000g}{subsection.3.3.2}% 58
\BOOKMARK [2][-]{subsection.3.3.3}{\376\377\000W\000a\000v\000e\000f\000o\000r\000m\000\040\000P\000r\000o\000c\000e\000s\000s\000i\000n\000g}{section.3.3}% 59
\BOOKMARK [3][-]{subsubsection.3.3.3.1}{\376\377\000A\000M\000\040\000W\000a\000v\000e\000f\000o\000r\000m\000\040\000P\000r\000o\000c\000e\000s\000s\000i\000n\000g}{subsection.3.3.3}% 60
\BOOKMARK [3][-]{subsubsection.3.3.3.2}{\376\377\000S\000W\000\040\000W\000a\000v\000e\000f\000o\000r\000m\000\040\000P\000r\000o\000c\000e\000s\000s\000i\000n\000g}{subsection.3.3.3}% 61
\BOOKMARK [3][-]{subsubsection.3.3.3.3}{\376\377\000F\000M\000\040\000W\000a\000v\000e\000f\000o\000r\000m\000\040\000P\000r\000o\000c\000e\000s\000s\000i\000n\000g}{subsection.3.3.3}% 62
\BOOKMARK [3][-]{subsubsection.3.3.3.4}{\376\377\000A\000n\000a\000l\000o\000g\000\040\000T\000V\000\040\000W\000a\000v\000e\000f\000o\000r\000m\000\040\000P\000r\000o\000c\000e\000s\000s\000i\000n\000g}{subsection.3.3.3}% 63
\BOOKMARK [3][-]{subsubsection.3.3.3.5}{\376\377\000D\000i\000g\000i\000t\000a\000l\000\040\000T\000V\000\040\000W\000a\000v\000e\000f\000o\000r\000m\000\040\000P\000r\000o\000c\000e\000s\000s\000i\000n\000g}{subsection.3.3.3}% 64
\BOOKMARK [2][-]{subsection.3.3.4}{\376\377\000R\000F\000\040\000P\000r\000o\000c\000e\000s\000s\000i\000n\000g}{section.3.3}% 65
\BOOKMARK [3][-]{subsubsection.3.3.4.1}{\376\377\000B\000D\000P\000-\000L\000i\000g\000h\000t\000\040\000R\000F\000\040\000P\000r\000o\000c\000e\000s\000s\000i\000n\000g}{subsection.3.3.4}% 66
\BOOKMARK [2][-]{subsection.3.3.5}{\376\377\000N\000e\000t\000w\000o\000r\000k\000\040\000P\000r\000o\000c\000e\000s\000s\000i\000n\000g}{section.3.3}% 67
\BOOKMARK [3][-]{subsubsection.3.3.5.1}{\376\377\000D\000i\000g\000i\000t\000a\000l\000\040\000F\000i\000l\000e\000\040\000T\000r\000a\000n\000s\000f\000e\000r}{subsection.3.3.5}% 68
\BOOKMARK [2][-]{subsection.3.3.6}{\376\377\000B\000I\000T}{section.3.3}% 69
\BOOKMARK [3][-]{subsubsection.3.3.6.1}{\376\377\000B\000I\000T\000\040\000P\000r\000o\000c\000e\000s\000s\000i\000n\000g}{subsection.3.3.6}% 70
\BOOKMARK [3][-]{subsubsection.3.3.6.2}{\376\377\000B\000I\000T\000\040\000L\000o\000g\000\040\000R\000e\000p\000o\000r\000t\000i\000n\000g}{subsection.3.3.6}% 71
\BOOKMARK [1][-]{section.3.4}{\376\377\000I\000n\000t\000e\000r\000n\000a\000l\000\040\000I\000n\000t\000e\000r\000f\000a\000c\000e\000\040\000R\000e\000q\000u\000i\000r\000e\000m\000e\000n\000t\000s}{chapter.3}% 72
\BOOKMARK [2][-]{subsection.3.4.1}{\376\377\000I\000I\000R\000\040\000O\000n\000e}{section.3.4}% 73
\BOOKMARK [2][-]{subsection.3.4.2}{\376\377\000I\000I\000R\000\040\000T\000w\000o}{section.3.4}% 74
\BOOKMARK [1][-]{section.3.5}{\376\377\000I\000n\000t\000e\000r\000n\000a\000l\000\040\000D\000a\000t\000a\000\040\000R\000e\000q\000u\000i\000r\000e\000m\000e\000n\000t\000s}{chapter.3}% 75
\BOOKMARK [2][-]{subsection.3.5.1}{\376\377\000D\000a\000t\000a\000\040\000S\000t\000o\000r\000a\000g\000e}{section.3.5}% 76
\BOOKMARK [2][-]{subsection.3.5.2}{\376\377\000R\000e\000p\000o\000r\000t\000\040\000L\000o\000g\000s}{section.3.5}% 77
\BOOKMARK [1][-]{section.3.6}{\376\377\000A\000d\000a\000p\000t\000a\000t\000i\000o\000n\000\040\000R\000e\000q\000u\000i\000r\000e\000m\000e\000n\000t\000s}{chapter.3}% 78
\BOOKMARK [1][-]{section.3.7}{\376\377\000S\000a\000f\000e\000t\000y\000\040\000R\000e\000q\000u\000i\000r\000e\000m\000e\000n\000t\000s}{chapter.3}% 79
\BOOKMARK [2][-]{subsection.3.7.1}{\376\377\000E\000l\000e\000c\000t\000r\000o\000m\000a\000g\000n\000e\000t\000i\000c\000\040\000R\000a\000d\000i\000a\000t\000i\000o\000n}{section.3.7}% 80
\BOOKMARK [1][-]{section.3.8}{\376\377\000S\000e\000c\000u\000r\000i\000t\000y\000\040\000a\000n\000d\000\040\000P\000r\000i\000v\000a\000c\000y\000\040\000R\000e\000q\000u\000i\000r\000e\000m\000e\000n\000t\000s}{chapter.3}% 81
\BOOKMARK [2][-]{subsection.3.8.1}{\376\377\000S\000e\000c\000u\000r\000i\000t\000y\000\040\000R\000e\000q\000u\000i\000r\000e\000m\000e\000n\000t\000s}{section.3.8}% 82
\BOOKMARK [3][-]{subsubsection.3.8.1.1}{\376\377\000P\000h\000y\000s\000i\000c\000a\000l\000\040\000S\000e\000c\000u\000r\000i\000t\000y}{subsection.3.8.1}% 83
\BOOKMARK [3][-]{subsubsection.3.8.1.2}{\376\377\000C\000y\000b\000e\000r\000\040\000S\000e\000c\000u\000r\000i\000t\000y}{subsection.3.8.1}% 84
\BOOKMARK [3][-]{subsubsection.3.8.1.3}{\376\377\000U\000s\000e\000\040\000o\000f\000\040\000P\000r\000o\000h\000i\000b\000i\000t\000e\000d\000\040\000T\000e\000l\000e\000c\000o\000m\000m\000u\000n\000i\000c\000a\000t\000i\000o\000n\000s\000\040\000E\000q\000u\000i\000p\000m\000e\000n\000t}{subsection.3.8.1}% 85
\BOOKMARK [2][-]{subsection.3.8.2}{\376\377\000P\000r\000i\000v\000a\000c\000y\000\040\000R\000e\000q\000u\000i\000r\000e\000m\000e\000n\000t\000s}{section.3.8}% 86
\BOOKMARK [1][-]{section.3.9}{\376\377\000E\000n\000v\000i\000r\000o\000n\000m\000e\000n\000t\000a\000l\000\040\000R\000e\000q\000u\000i\000r\000e\000m\000e\000n\000t\000s}{chapter.3}% 87
\BOOKMARK [2][-]{subsection.3.9.1}{\376\377\000T\000e\000m\000p\000e\000r\000a\000t\000u\000r\000e}{section.3.9}% 88
\BOOKMARK [2][-]{subsection.3.9.2}{\376\377\000M\000o\000i\000s\000t\000u\000r\000e}{section.3.9}% 89
\BOOKMARK [2][-]{subsection.3.9.3}{\376\377\000D\000u\000s\000t}{section.3.9}% 90
\BOOKMARK [2][-]{subsection.3.9.4}{\376\377\000S\000h\000o\000c\000k}{section.3.9}% 91
\BOOKMARK [2][-]{subsection.3.9.5}{\376\377\000V\000i\000b\000r\000a\000t\000i\000o\000n}{section.3.9}% 92
\BOOKMARK [2][-]{subsection.3.9.6}{\376\377\000S\000p\000a\000c\000e}{section.3.9}% 93
\BOOKMARK [3][-]{subsubsection.3.9.6.1}{\376\377\000B\000D\000P\000-\000L\000i\000g\000h\000t\000\040\000S\000p\000a\000c\000e}{subsection.3.9.6}% 94
\BOOKMARK [3][-]{subsubsection.3.9.6.2}{\376\377\000B\000D\000P\000-\000M\000e\000d\000i\000u\000m\000\040\000S\000p\000a\000c\000e}{subsection.3.9.6}% 95
\BOOKMARK [2][-]{subsection.3.9.7}{\376\377\000W\000e\000i\000g\000h\000t}{section.3.9}% 96
\BOOKMARK [3][-]{subsubsection.3.9.7.1}{\376\377\000B\000D\000P\000-\000L\000i\000g\000h\000t\000\040\000W\000e\000i\000g\000h\000t}{subsection.3.9.7}% 97
\BOOKMARK [3][-]{subsubsection.3.9.7.2}{\376\377\000B\000D\000P\000-\000M\000e\000d\000i\000u\000m\000\040\000W\000e\000i\000g\000h\000t}{subsection.3.9.7}% 98
\BOOKMARK [3][-]{subsubsection.3.9.7.3}{\376\377\000B\000D\000P\000-\000H\000e\000a\000v\000y\000\040\000W\000e\000i\000g\000h\000t}{subsection.3.9.7}% 99
\BOOKMARK [2][-]{subsection.3.9.8}{\376\377\000P\000o\000w\000e\000r}{section.3.9}% 100
\BOOKMARK [3][-]{subsubsection.3.9.8.1}{\376\377\000B\000D\000P\000-\000L\000i\000g\000h\000t\000\040\000P\000o\000w\000e\000r}{subsection.3.9.8}% 101
\BOOKMARK [3][-]{subsubsection.3.9.8.2}{\376\377\000B\000D\000P\000-\000M\000e\000d\000i\000u\000m\000\040\000P\000o\000w\000e\000r}{subsection.3.9.8}% 102
\BOOKMARK [3][-]{subsubsection.3.9.8.3}{\376\377\000B\000D\000P\000-\000H\000e\000a\000v\000y\000\040\000P\000o\000w\000e\000r}{subsection.3.9.8}% 103
\BOOKMARK [2][-]{subsection.3.9.9}{\376\377\000E\000l\000e\000c\000t\000r\000o\000m\000a\000g\000n\000e\000t\000i\000c}{section.3.9}% 104
\BOOKMARK [2][-]{subsection.3.9.10}{\376\377\000A\000l\000t\000i\000t\000u\000d\000e}{section.3.9}% 105
\BOOKMARK [1][-]{section.3.10}{\376\377\000T\000e\000c\000h\000n\000o\000l\000o\000g\000y\000\040\000R\000e\000s\000o\000u\000r\000c\000e\000\040\000R\000e\000q\000u\000i\000r\000e\000m\000e\000n\000t\000s}{chapter.3}% 106
\BOOKMARK [2][-]{subsection.3.10.1}{\376\377\000H\000a\000r\000d\000w\000a\000r\000e\000\040\000R\000e\000s\000o\000u\000r\000c\000e\000s}{section.3.10}% 107
\BOOKMARK [2][-]{subsection.3.10.2}{\376\377\000S\000o\000f\000t\000w\000a\000r\000e\000\040\000R\000e\000s\000o\000u\000r\000c\000e\000s}{section.3.10}% 108
\BOOKMARK [2][-]{subsection.3.10.3}{\376\377\000C\000o\000m\000m\000u\000n\000i\000c\000a\000t\000i\000o\000n\000s\000\040\000R\000e\000s\000o\000u\000r\000c\000e\000s}{section.3.10}% 109
\BOOKMARK [2][-]{subsection.3.10.4}{\376\377\000O\000t\000h\000e\000r\000\040\000R\000e\000s\000o\000u\000r\000c\000e\000s}{section.3.10}% 110
\BOOKMARK [2][-]{subsection.3.10.5}{\376\377\000U\000t\000i\000l\000i\000z\000a\000t\000i\000o\000n\000\040\000R\000e\000s\000o\000u\000r\000c\000e\000s}{section.3.10}% 111
\BOOKMARK [1][-]{section.3.11}{\376\377\000S\000y\000s\000t\000e\000m\000\040\000Q\000u\000a\000l\000i\000t\000y\000\040\000R\000e\000q\000u\000i\000r\000e\000m\000e\000n\000t\000s}{chapter.3}% 112
\BOOKMARK [2][-]{subsection.3.11.1}{\376\377\000Q\000u\000a\000l\000i\000t\000y\000\040\000S\000y\000s\000t\000e\000m\000s}{section.3.11}% 113
\BOOKMARK [2][-]{subsection.3.11.2}{\376\377\000O\000p\000e\000r\000a\000t\000i\000o\000n\000a\000l\000\040\000Q\000u\000a\000l\000i\000t\000y}{section.3.11}% 114
\BOOKMARK [3][-]{subsubsection.3.11.2.1}{\376\377\000B\000D\000P\000-\000L\000i\000g\000h\000t}{subsection.3.11.2}% 115
\BOOKMARK [3][-]{subsubsection.3.11.2.2}{\376\377\000B\000D\000P\000-\000M\000e\000d\000i\000u\000m}{subsection.3.11.2}% 116
\BOOKMARK [3][-]{subsubsection.3.11.2.3}{\376\377\000B\000D\000P\000-\000H\000e\000a\000v\000y}{subsection.3.11.2}% 117
\BOOKMARK [1][-]{section.3.12}{\376\377\000D\000e\000s\000i\000g\000n\000\040\000a\000n\000d\000\040\000C\000o\000n\000s\000t\000r\000u\000c\000t\000i\000o\000n\000\040\000R\000e\000q\000u\000i\000r\000e\000m\000e\000n\000t\000s}{chapter.3}% 118
\BOOKMARK [2][-]{subsection.3.12.1}{\376\377\000R\000e\000g\000u\000l\000a\000t\000o\000r\000y\000\040\000R\000e\000s\000t\000r\000i\000c\000t\000i\000o\000n\000s}{section.3.12}% 119
\BOOKMARK [2][-]{subsection.3.12.2}{\376\377\000D\000e\000s\000i\000g\000n\000\040\000D\000e\000f\000e\000n\000c\000e\000s}{section.3.12}% 120
\BOOKMARK [3][-]{subsubsection.3.12.2.1}{\376\377\000S\000y\000s\000t\000e\000m\000\040\000S\000e\000t\000-\000U\000p\000\040\000T\000i\000m\000e}{subsection.3.12.2}% 121
\BOOKMARK [3][-]{subsubsection.3.12.2.2}{\376\377\000M\000a\000s\000t\000\040\000a\000n\000d\000\040\000A\000n\000t\000e\000n\000n\000a\000\040\000E\000m\000p\000l\000o\000y\000m\000e\000n\000t}{subsection.3.12.2}% 122
\BOOKMARK [3][-]{subsubsection.3.12.2.3}{\376\377\000A\000n\000t\000e\000n\000n\000a\000\040\000H\000e\000i\000g\000h\000t\000\040\000E\000x\000t\000e\000n\000s\000i\000o\000n}{subsection.3.12.2}% 123
\BOOKMARK [3][-]{subsubsection.3.12.2.4}{\376\377\000S\000y\000s\000t\000e\000m\000\040\000S\000u\000p\000p\000o\000r\000t\000a\000b\000i\000l\000i\000t\000y}{subsection.3.12.2}% 124
\BOOKMARK [2][-]{subsection.3.12.3}{\376\377\000C\000o\000n\000s\000t\000r\000u\000c\000t\000i\000o\000n\000\040\000C\000o\000n\000s\000t\000r\000a\000i\000n\000t\000s}{section.3.12}% 125
\BOOKMARK [1][-]{section.3.13}{\376\377\000P\000e\000r\000s\000o\000n\000n\000e\000l\000\040\000R\000e\000q\000u\000i\000r\000e\000m\000e\000n\000t\000s}{chapter.3}% 126
\BOOKMARK [1][-]{section.3.14}{\376\377\000T\000r\000a\000i\000n\000i\000n\000g\000\040\000R\000e\000q\000u\000i\000r\000e\000m\000e\000n\000t\000s}{chapter.3}% 127
\BOOKMARK [2][-]{subsection.3.14.1}{\376\377\000M\000a\000n\000u\000a\000l\000s}{section.3.14}% 128
\BOOKMARK [2][-]{subsection.3.14.2}{\376\377\000M\000a\000t\000e\000r\000i\000a\000l\000s}{section.3.14}% 129
\BOOKMARK [2][-]{subsection.3.14.3}{\376\377\000C\000o\000u\000r\000s\000e\000s}{section.3.14}% 130
\BOOKMARK [1][-]{section.3.15}{\376\377\000L\000o\000g\000i\000s\000t\000i\000c\000s\000\040\000R\000e\000q\000u\000i\000r\000e\000m\000e\000n\000t\000s}{chapter.3}% 131
\BOOKMARK [2][-]{subsection.3.15.1}{\376\377\000T\000r\000a\000n\000s\000p\000o\000r\000t\000a\000b\000i\000l\000i\000t\000y}{section.3.15}% 132
\BOOKMARK [3][-]{subsubsection.3.15.1.1}{\376\377\000B\000D\000P\000-\000L\000i\000g\000h\000t}{subsection.3.15.1}% 133
\BOOKMARK [3][-]{subsubsection.3.15.1.2}{\376\377\000B\000D\000P\000-\000M\000e\000d\000i\000u\000m}{subsection.3.15.1}% 134
\BOOKMARK [1][-]{section.3.16}{\376\377\000P\000a\000c\000k\000a\000g\000i\000n\000g\000\040\000R\000e\000q\000u\000i\000r\000e\000m\000e\000n\000t\000s}{chapter.3}% 135
\BOOKMARK [2][-]{subsection.3.16.1}{\376\377\000S\000h\000i\000p\000p\000i\000n\000g\000\040\000C\000o\000n\000s\000t\000r\000a\000i\000n\000t\000s}{section.3.16}% 136
\BOOKMARK [1][-]{section.3.17}{\376\377\000O\000t\000h\000e\000r\000\040\000R\000e\000q\000u\000i\000r\000e\000m\000e\000n\000t\000s}{chapter.3}% 137
\BOOKMARK [2][-]{subsection.3.17.1}{\376\377\000B\000r\000o\000a\000d\000c\000a\000s\000t\000\040\000P\000l\000a\000y\000l\000i\000s\000t\000\040\000M\000a\000n\000a\000g\000e\000r}{section.3.17}% 138
\BOOKMARK [2][-]{subsection.3.17.2}{\376\377\000I\000n\000f\000o\000r\000m\000a\000t\000i\000o\000n\000\040\000E\000x\000c\000h\000a\000n\000g\000e}{section.3.17}% 139
\BOOKMARK [1][-]{section.3.18}{\376\377\000P\000r\000e\000c\000e\000d\000e\000n\000c\000e\000\040\000o\000f\000\040\000R\000e\000q\000u\000i\000r\000e\000m\000e\000n\000t\000s}{chapter.3}% 140
\BOOKMARK [2][-]{subsection.3.18.1}{\376\377\000S\000a\000f\000e\000t\000y}{section.3.18}% 141
\BOOKMARK [2][-]{subsection.3.18.2}{\376\377\000S\000e\000c\000u\000r\000i\000t\000y\000\040\000a\000n\000d\000\040\000P\000r\000i\000v\000a\000c\000y}{section.3.18}% 142
\BOOKMARK [2][-]{subsection.3.18.3}{\376\377\000O\000t\000h\000e\000r}{section.3.18}% 143
\BOOKMARK [0][-]{chapter.4}{\376\377\000Q\000u\000a\000l\000i\000f\000i\000c\000a\000t\000i\000o\000n\000\040\000P\000r\000o\000v\000i\000s\000i\000o\000n\000s}{}% 144
\BOOKMARK [0][-]{chapter.5}{\376\377\000T\000r\000a\000c\000e\000a\000b\000i\000l\000i\000t\000y}{}% 145
\BOOKMARK [0][-]{appendix.A}{\376\377\000N\000o\000t\000e\000s}{}% 146
\BOOKMARK [0][-]{appendix.B}{\376\377\000K\000e\000y\000\040\000P\000e\000r\000f\000o\000r\000m\000a\000n\000c\000e\000\040\000P\000a\000r\000a\000m\000e\000t\000e\000r\000s\000\040\000a\000n\000d\000\040\000S\000y\000s\000t\000e\000m\000\040\000A\000t\000t\000r\000i\000b\000u\000t\000e\000s}{}% 147
\BOOKMARK [1][-]{section.B.1}{\376\377\000K\000e\000y\000\040\000P\000e\000r\000f\000o\000r\000m\000a\000n\000c\000e\000\040\000P\000a\000r\000a\000m\000e\000t\000e\000r\000s}{appendix.B}% 148
\BOOKMARK [1][-]{section.B.2}{\376\377\000K\000e\000y\000\040\000S\000y\000s\000t\000e\000m\000\040\000A\000t\000t\000r\000i\000b\000u\000t\000e\000s}{appendix.B}% 149
