\BOOKMARK [0][-]{chapter*.2}{\376\377\000D\000O\000C\000U\000M\000E\000N\000T\000\040\000C\000H\000A\000N\000G\000E\000\040\000H\000I\000S\000T\000O\000R\000Y}{}% 1
\BOOKMARK [0][-]{chapter*.4}{\376\377\000T\000A\000B\000L\000E\000\040\000O\000F\000\040\000C\000O\000N\000T\000E\000N\000T\000S}{}% 2
\BOOKMARK [0][-]{chapter*.5}{\376\377\000L\000I\000S\000T\000\040\000O\000F\000\040\000T\000A\000B\000L\000E\000S}{}% 3
\BOOKMARK [0][-]{chapter*.6}{\376\377\000L\000I\000S\000T\000\040\000O\000F\000\040\000F\000I\000G\000U\000R\000E\000S}{}% 4
\BOOKMARK [0][-]{chapter.1}{\376\377\000S\000c\000o\000p\000e}{}% 5
\BOOKMARK [1][-]{section.1.1}{\376\377\000I\000d\000e\000n\000t\000i\000f\000i\000c\000a\000t\000i\000o\000n}{chapter.1}% 6
\BOOKMARK [1][-]{section.1.2}{\376\377\000S\000y\000s\000t\000e\000m\000\040\000O\000v\000e\000r\000v\000i\000e\000w}{chapter.1}% 7
\BOOKMARK [1][-]{section.1.3}{\376\377\000D\000o\000c\000u\000m\000e\000n\000t\000\040\000O\000v\000e\000r\000v\000i\000e\000w}{chapter.1}% 8
\BOOKMARK [2][-]{subsection.1.3.1}{\376\377\000S\000e\000c\000u\000r\000i\000t\000y\000\040\000a\000n\000d\000\040\000P\000r\000i\000v\000a\000c\000y\000\040\000C\000o\000n\000s\000i\000d\000e\000r\000a\000t\000i\000o\000n\000s}{section.1.3}% 9
\BOOKMARK [2][-]{subsection.1.3.2}{\376\377\000C\000o\000n\000t\000e\000n\000t\000s\000\040\000a\000n\000d\000\040\000S\000t\000r\000u\000c\000t\000u\000r\000e}{section.1.3}% 10
\BOOKMARK [2][-]{subsection.1.3.3}{\376\377\000D\000o\000c\000u\000m\000e\000n\000t\000\040\000V\000e\000r\000s\000i\000o\000n\000\040\000I\000n\000f\000o\000r\000m\000a\000t\000i\000o\000n}{section.1.3}% 11
\BOOKMARK [0][-]{chapter.2}{\376\377\000R\000e\000f\000e\000r\000e\000n\000c\000e\000s}{}% 12
\BOOKMARK [1][-]{section.2.1}{\376\377\000A\000c\000r\000o\000n\000y\000m\000s\000\040\000a\000n\000d\000\040\000A\000b\000b\000r\000e\000v\000i\000a\000t\000i\000o\000n\000s}{chapter.2}% 13
\BOOKMARK [1][-]{section.2.2}{\376\377\000G\000l\000o\000s\000s\000a\000r\000y\000\040\000a\000n\000d\000\040\000D\000e\000f\000i\000n\000i\000t\000i\000o\000n\000s}{chapter.2}% 14
\BOOKMARK [1][-]{section.2.3}{\376\377\000R\000e\000f\000e\000r\000e\000n\000c\000e\000d\000\040\000D\000o\000c\000u\000m\000e\000n\000t\000s}{chapter.2}% 15
\BOOKMARK [2][-]{subsection.2.3.1}{\376\377\000E\000x\000t\000e\000r\000n\000a\000l\000\040\000D\000o\000c\000u\000m\000e\000n\000t\000s}{section.2.3}% 16
\BOOKMARK [2][-]{subsection.2.3.2}{\376\377\000P\000r\000o\000j\000e\000c\000t\000\040\000S\000p\000e\000c\000i\000f\000i\000c\000\040\000D\000o\000c\000u\000m\000e\000n\000t\000s}{section.2.3}% 17
\BOOKMARK [0][-]{chapter.3}{\376\377\000V\000e\000r\000s\000i\000o\000n\000\040\000D\000e\000s\000c\000r\000i\000p\000t\000i\000o\000n}{}% 18
\BOOKMARK [1][-]{section.3.1}{\376\377\000I\000n\000v\000e\000n\000t\000o\000r\000y\000\040\000o\000f\000\040\000M\000a\000t\000e\000r\000i\000a\000l\000s}{chapter.3}% 19
\BOOKMARK [1][-]{section.3.2}{\376\377\000I\000n\000v\000e\000n\000t\000o\000r\000y\000\040\000o\000f\000\040\000S\000o\000f\000t\000w\000a\000r\000e}{chapter.3}% 20
\BOOKMARK [1][-]{section.3.3}{\376\377\000C\000h\000a\000n\000g\000e\000s\000\040\000F\000r\000o\000m\000\040\000P\000r\000i\000o\000r\000\040\000V\000e\000r\000s\000i\000o\000n}{chapter.3}% 21
\BOOKMARK [1][-]{section.3.4}{\376\377\000A\000d\000a\000p\000t\000a\000t\000i\000o\000n\000\040\000D\000a\000t\000a}{chapter.3}% 22
\BOOKMARK [1][-]{section.3.5}{\376\377\000R\000e\000l\000a\000t\000e\000d\000\040\000\050\000T\000h\000i\000r\000d\000\040\000P\000a\000r\000t\000y\000\051\000\040\000D\000o\000c\000u\000m\000e\000n\000t\000s}{chapter.3}% 23
\BOOKMARK [1][-]{section.3.6}{\376\377\000I\000n\000s\000t\000a\000l\000l\000a\000t\000i\000o\000n\000\040\000I\000n\000s\000t\000r\000u\000c\000t\000i\000o\000n\000s}{chapter.3}% 24
\BOOKMARK [1][-]{section.3.7}{\376\377\000P\000o\000s\000s\000i\000b\000l\000e\000\040\000P\000r\000o\000b\000l\000e\000m\000s\000\040\000a\000n\000d\000\040\000K\000n\000o\000w\000n\000\040\000E\000r\000r\000o\000r\000s}{chapter.3}% 25
\BOOKMARK [0][-]{chapter.4}{\376\377\000N\000o\000t\000e\000s}{}% 26
\BOOKMARK [1][-]{section.4.1}{\376\377\000N\000o\000t\000e\000\040\000A\000r\000e\000a\000\040\0001}{chapter.4}% 27
\BOOKMARK [1][-]{section.4.2}{\376\377\000N\000o\000t\000e\000\040\000A\000r\000e\000a\000\040\0002}{chapter.4}% 28
\BOOKMARK [0][-]{appendix.A}{\376\377\000A\000p\000p\000e\000n\000d\000i\000x}{}% 29
\BOOKMARK [1][-]{section.A.1}{\376\377\000A\000p\000p\000e\000n\000d\000i\000x\000\040\000A\000r\000e\000a\000\040\0001}{appendix.A}% 30
\BOOKMARK [1][-]{section.A.2}{\376\377\000A\000p\000p\000e\000n\000d\000i\000x\000\040\000A\000r\000e\000a\000\040\0002}{appendix.A}% 31
